<?xml version="1.0" encoding="UTF-8"?>
<!-- Generated by org.testng.reporters.JUnitReportReporter -->
<testsuite hostname="LTIN262383" failures="0" tests="1" name="testCases.TC_001_CarLoan" time="8.034" errors="0" timestamp="2024-02-13T09:32:34 IST" skipped="0">
  <testcase classname="testCases.TC_001_CarLoan" name="CarEMICalculator" time="8.034"/>
  <system-out/>
</testsuite> <!-- testCases.TC_001_CarLoan -->
